# JRE version: OpenJDK Runtime Environment (11.0.13) (build 11.0.13+0-b1751.21-8125866)
# Java VM: OpenJDK 64-Bit Server VM (11.0.13+0-b1751.21-8125866, mixed mode, tiered, compressed oops, g1 gc, windows-amd64)
Heap:
 garbage-first heap   total 131072K, used 54042K [0x0000000080000000, 0x0000000100000000)
  region size 1024K, 20 young (20480K), 9 survivors (9216K)
 Metaspace       used 32711K, capacity 33623K, committed 33840K, reserved 1079296K
  class space    used 4377K, capacity 4719K, committed 4736K, reserved 1048576K
GC Heap History (10 events):
Event: 1.303 GC heap before
{Heap before GC invocations=0 (full 0):
 garbage-first heap   total 131072K, used 29696K [0x0000000080000000, 0x0000000100000000)
  region size 1024K, 24 young (24576K), 0 survivors (0K)
 Metaspace       used 10155K, capacity 10393K, committed 10624K, reserved 1058816K
  class space    used 1044K, capacity 1108K, committed 1152K, reserved 1048576K
}
Event: 1.312 GC heap after
{Heap after GC invocations=1 (full 0):
 garbage-first heap   total 131072K, used 9127K [0x0000000080000000, 0x0000000100000000)
  region size 1024K, 3 young (3072K), 3 survivors (3072K)
 Metaspace       used 10155K, capacity 10393K, committed 10624K, reserved 1058816K
  class space    used 1044K, capacity 1108K, committed 1152K, reserved 1048576K
}
Event: 5.770 GC heap before
{Heap before GC invocations=1 (full 0):
 garbage-first heap   total 131072K, used 84903K [0x0000000080000000, 0x0000000100000000)
  region size 1024K, 76 young (77824K), 3 survivors (3072K)
 Metaspace       used 17994K, capacity 18438K, committed 18688K, reserved 1064960K
  class space    used 2097K, capacity 2228K, committed 2304K, reserved 1048576K
}
Event: 5.794 GC heap after
{Heap after GC invocations=2 (full 0):
 garbage-first heap   total 131072K, used 16033K [0x0000000080000000, 0x0000000100000000)
  region size 1024K, 10 young (10240K), 10 survivors (10240K)
 Metaspace       used 17994K, capacity 18438K, committed 18688K, reserved 1064960K
  class space    used 2097K, capacity 2228K, committed 2304K, reserved 1048576K
}
Event: 6.249 GC heap before
{Heap before GC invocations=2 (full 0):
 garbage-first heap   total 131072K, used 42657K [0x0000000080000000, 0x0000000100000000)
  region size 1024K, 37 young (37888K), 10 survivors (10240K)
 Metaspace       used 20720K, capacity 21218K, committed 21296K, reserved 1069056K
  class space    used 2515K, capacity 2665K, committed 2688K, reserved 1048576K
}
Event: 6.259 GC heap after
{Heap after GC invocations=3 (full 0):
 garbage-first heap   total 131072K, used 17120K [0x0000000080000000, 0x0000000100000000)
  region size 1024K, 2 young (2048K), 2 survivors (2048K)
 Metaspace       used 20720K, capacity 21218K, committed 21296K, reserved 1069056K
  class space    used 2515K, capacity 2665K, committed 2688K, reserved 1048576K
}
Event: 7.470 GC heap before
{Heap before GC invocations=4 (full 0):
 garbage-first heap   total 131072K, used 73440K [0x0000000080000000, 0x0000000100000000)
  region size 1024K, 57 young (58368K), 2 survivors (2048K)
 Metaspace       used 26772K, capacity 27468K, committed 27824K, reserved 1073152K
  class space    used 3486K, capacity 3737K, committed 3840K, reserved 1048576K
}
Event: 7.478 GC heap after
{Heap after GC invocations=5 (full 0):
 garbage-first heap   total 131072K, used 19020K [0x0000000080000000, 0x0000000100000000)
  region size 1024K, 4 young (4096K), 4 survivors (4096K)
 Metaspace       used 26772K, capacity 27468K, committed 27824K, reserved 1073152K
  class space    used 3486K, capacity 3737K, committed 3840K, reserved 1048576K
}
Event: 9.477 GC heap before
{Heap before GC invocations=5 (full 0):
 garbage-first heap   total 131072K, used 99916K [0x0000000080000000, 0x0000000100000000)
  region size 1024K, 65 young (66560K), 4 survivors (4096K)
 Metaspace       used 31332K, capacity 32248K, committed 32432K, reserved 1077248K
  class space    used 4172K, capacity 4537K, committed 4608K, reserved 1048576K
}
Event: 9.484 GC heap after
{Heap after GC invocations=6 (full 0):
 garbage-first heap   total 131072K, used 43802K [0x0000000080000000, 0x0000000100000000)
  region size 1024K, 9 young (9216K), 9 survivors (9216K)
 Metaspace       used 31332K, capacity 32248K, committed 32432K, reserved 1077248K
  class space    used 4172K, capacity 4537K, committed 4608K, reserved 1048576K
}

