# JRE version: OpenJDK Runtime Environment (11.0.13) (build 11.0.13+0-b1751.21-8125866)
# Java VM: OpenJDK 64-Bit Server VM (11.0.13+0-b1751.21-8125866, mixed mode, tiered, compressed oops, g1 gc, windows-amd64)
Heap:
 garbage-first heap   total 227328K, used 187898K [0x0000000080000000, 0x0000000100000000)
  region size 1024K, 7 young (7168K), 2 survivors (2048K)
 Metaspace       used 121160K, capacity 124340K, committed 124496K, reserved 1157120K
  class space    used 15413K, capacity 16543K, committed 16544K, reserved 1048576K
GC Heap History (20 events):
Event: 181.894 GC heap before
{Heap before GC invocations=98 (full 0):
 garbage-first heap   total 227328K, used 189250K [0x0000000080000000, 0x0000000100000000)
  region size 1024K, 16 young (16384K), 2 survivors (2048K)
 Metaspace       used 117324K, capacity 120172K, committed 120400K, reserved 1153024K
  class space    used 14928K, capacity 15982K, committed 16032K, reserved 1048576K
}
Event: 181.905 GC heap after
{Heap after GC invocations=99 (full 0):
 garbage-first heap   total 227328K, used 177270K [0x0000000080000000, 0x0000000100000000)
  region size 1024K, 2 young (2048K), 2 survivors (2048K)
 Metaspace       used 117324K, capacity 120172K, committed 120400K, reserved 1153024K
  class space    used 14928K, capacity 15982K, committed 16032K, reserved 1048576K
}
Event: 183.633 GC heap before
{Heap before GC invocations=99 (full 0):
 garbage-first heap   total 227328K, used 190582K [0x0000000080000000, 0x0000000100000000)
  region size 1024K, 16 young (16384K), 2 survivors (2048K)
 Metaspace       used 117644K, capacity 120470K, committed 120656K, reserved 1155072K
  class space    used 14966K, capacity 16017K, committed 16032K, reserved 1048576K
}
Event: 183.660 GC heap after
{Heap after GC invocations=100 (full 0):
 garbage-first heap   total 227328K, used 178730K [0x0000000080000000, 0x0000000100000000)
  region size 1024K, 2 young (2048K), 2 survivors (2048K)
 Metaspace       used 117644K, capacity 120470K, committed 120656K, reserved 1155072K
  class space    used 14966K, capacity 16017K, committed 16032K, reserved 1048576K
}
Event: 185.148 GC heap before
{Heap before GC invocations=101 (full 0):
 garbage-first heap   total 227328K, used 192042K [0x0000000080000000, 0x0000000100000000)
  region size 1024K, 16 young (16384K), 2 survivors (2048K)
 Metaspace       used 117753K, capacity 120606K, committed 120656K, reserved 1155072K
  class space    used 14977K, capacity 16019K, committed 16032K, reserved 1048576K
}
Event: 185.154 GC heap after
{Heap after GC invocations=102 (full 0):
 garbage-first heap   total 227328K, used 179745K [0x0000000080000000, 0x0000000100000000)
  region size 1024K, 2 young (2048K), 2 survivors (2048K)
 Metaspace       used 117753K, capacity 120606K, committed 120656K, reserved 1155072K
  class space    used 14977K, capacity 16019K, committed 16032K, reserved 1048576K
}
Event: 186.310 GC heap before
{Heap before GC invocations=102 (full 0):
 garbage-first heap   total 227328K, used 192033K [0x0000000080000000, 0x0000000100000000)
  region size 1024K, 15 young (15360K), 2 survivors (2048K)
 Metaspace       used 118206K, capacity 121057K, committed 121296K, reserved 1155072K
  class space    used 15030K, capacity 16080K, committed 16160K, reserved 1048576K
}
Event: 186.315 GC heap after
{Heap after GC invocations=103 (full 0):
 garbage-first heap   total 227328K, used 180063K [0x0000000080000000, 0x0000000100000000)
  region size 1024K, 1 young (1024K), 1 survivors (1024K)
 Metaspace       used 118206K, capacity 121057K, committed 121296K, reserved 1155072K
  class space    used 15030K, capacity 16080K, committed 16160K, reserved 1048576K
}
Event: 186.879 GC heap before
{Heap before GC invocations=104 (full 0):
 garbage-first heap   total 227328K, used 193375K [0x0000000080000000, 0x0000000100000000)
  region size 1024K, 15 young (15360K), 1 survivors (1024K)
 Metaspace       used 119042K, capacity 121984K, committed 122192K, reserved 1155072K
  class space    used 15131K, capacity 16261K, committed 16288K, reserved 1048576K
}
Event: 186.883 GC heap after
{Heap after GC invocations=105 (full 0):
 garbage-first heap   total 227328K, used 180663K [0x0000000080000000, 0x0000000100000000)
  region size 1024K, 2 young (2048K), 2 survivors (2048K)
 Metaspace       used 119042K, capacity 121984K, committed 122192K, reserved 1155072K
  class space    used 15131K, capacity 16261K, committed 16288K, reserved 1048576K
}
Event: 187.312 GC heap before
{Heap before GC invocations=105 (full 0):
 garbage-first heap   total 227328K, used 194999K [0x0000000080000000, 0x0000000100000000)
  region size 1024K, 16 young (16384K), 2 survivors (2048K)
 Metaspace       used 119380K, capacity 122366K, committed 122448K, reserved 1155072K
  class space    used 15170K, capacity 16276K, committed 16288K, reserved 1048576K
}
Event: 187.317 GC heap after
{Heap after GC invocations=106 (full 0):
 garbage-first heap   total 227328K, used 181544K [0x0000000080000000, 0x0000000100000000)
  region size 1024K, 2 young (2048K), 2 survivors (2048K)
 Metaspace       used 119380K, capacity 122366K, committed 122448K, reserved 1155072K
  class space    used 15170K, capacity 16276K, committed 16288K, reserved 1048576K
}
Event: 187.985 GC heap before
{Heap before GC invocations=107 (full 0):
 garbage-first heap   total 227328K, used 195880K [0x0000000080000000, 0x0000000100000000)
  region size 1024K, 16 young (16384K), 2 survivors (2048K)
 Metaspace       used 119798K, capacity 122923K, committed 123088K, reserved 1157120K
  class space    used 15237K, capacity 16401K, committed 16416K, reserved 1048576K
}
Event: 187.991 GC heap after
{Heap after GC invocations=108 (full 0):
 garbage-first heap   total 227328K, used 182737K [0x0000000080000000, 0x0000000100000000)
  region size 1024K, 2 young (2048K), 2 survivors (2048K)
 Metaspace       used 119798K, capacity 122923K, committed 123088K, reserved 1157120K
  class space    used 15237K, capacity 16401K, committed 16416K, reserved 1048576K
}
Event: 188.170 GC heap before
{Heap before GC invocations=108 (full 0):
 garbage-first heap   total 227328K, used 197073K [0x0000000080000000, 0x0000000100000000)
  region size 1024K, 16 young (16384K), 2 survivors (2048K)
 Metaspace       used 120051K, capacity 123262K, committed 123344K, reserved 1157120K
  class space    used 15267K, capacity 16406K, committed 16416K, reserved 1048576K
}
Event: 188.176 GC heap after
{Heap after GC invocations=109 (full 0):
 garbage-first heap   total 227328K, used 183713K [0x0000000080000000, 0x0000000100000000)
  region size 1024K, 1 young (1024K), 1 survivors (1024K)
 Metaspace       used 120051K, capacity 123262K, committed 123344K, reserved 1157120K
  class space    used 15267K, capacity 16406K, committed 16416K, reserved 1048576K
}
Event: 188.264 GC heap before
{Heap before GC invocations=109 (full 0):
 garbage-first heap   total 227328K, used 198049K [0x0000000080000000, 0x0000000100000000)
  region size 1024K, 15 young (15360K), 1 survivors (1024K)
 Metaspace       used 120457K, capacity 123646K, committed 123728K, reserved 1157120K
  class space    used 15314K, capacity 16470K, committed 16544K, reserved 1048576K
}
Event: 188.266 GC heap after
{Heap after GC invocations=110 (full 0):
 garbage-first heap   total 227328K, used 183693K [0x0000000080000000, 0x0000000100000000)
  region size 1024K, 1 young (1024K), 1 survivors (1024K)
 Metaspace       used 120457K, capacity 123646K, committed 123728K, reserved 1157120K
  class space    used 15314K, capacity 16470K, committed 16544K, reserved 1048576K
}
Event: 188.387 GC heap before
{Heap before GC invocations=110 (full 0):
 garbage-first heap   total 227328K, used 198029K [0x0000000080000000, 0x0000000100000000)
  region size 1024K, 15 young (15360K), 1 survivors (1024K)
 Metaspace       used 120836K, capacity 123998K, committed 124240K, reserved 1157120K
  class space    used 15371K, capacity 16502K, committed 16544K, reserved 1048576K
}
Event: 188.389 GC heap after
{Heap after GC invocations=111 (full 0):
 garbage-first heap   total 227328K, used 183802K [0x0000000080000000, 0x0000000100000000)
  region size 1024K, 2 young (2048K), 2 survivors (2048K)
 Metaspace       used 120836K, capacity 123998K, committed 124240K, reserved 1157120K
  class space    used 15371K, capacity 16502K, committed 16544K, reserved 1048576K
}

